#
# There is insufficient memory for the Java Runtime Environment to continue.
# Native memory allocation (mmap) failed to map 65536 bytes for Failed to commit metaspace.
# Possible reasons:
#   The system is out of physical RAM or swap space
#   The process is running with CompressedOops enabled, and the Java Heap may be blocking the growth of the native heap
# Possible solutions:
#   Reduce memory load on the system
#   Increase physical memory or swap space
#   Check if swap backing store is full
#   Decrease Java heap size (-Xmx/-Xms)
#   Decrease number of Java threads
#   Decrease Java thread stack sizes (-Xss)
#   Set larger code cache with -XX:ReservedCodeCacheSize=
#   JVM is running with Unscaled Compressed Oops mode in which the Java heap is
#     placed in the first 4GB address space. The Java Heap base address is the
#     maximum limit for the native heap growth. Please use -XX:HeapBaseMinAddress
#     to set the Java Heap base and to place the Java Heap above 4GB virtual address.
# This output file may be truncated or incomplete.
#
#  Out of Memory Error (virtualSpaceNode.cpp:110), pid=13720, tid=920
#
# JRE version: OpenJDK Runtime Environment Temurin-17.0.10+7 (17.0.10+7) (build 17.0.10+7)
# Java VM: OpenJDK 64-Bit Server VM Temurin-17.0.10+7 (17.0.10+7, mixed mode, tiered, compressed oops, compressed class ptrs, parallel gc, windows-amd64)
# No core dump will be written. Minidumps are not enabled by default on client versions of Windows
#

---------------  S U M M A R Y ------------

Command Line: --add-modules=ALL-SYSTEM --add-opens=java.base/java.util=ALL-UNNAMED --add-opens=java.base/java.lang=ALL-UNNAMED --add-opens=java.base/sun.nio.fs=ALL-UNNAMED -Declipse.application=org.eclipse.jdt.ls.core.id1 -Dosgi.bundles.defaultStartLevel=4 -Declipse.product=org.eclipse.jdt.ls.core.product -Djava.import.generatesMetadataFilesAtProjectRoot=false -DDetectVMInstallationsJob.disabled=true -Dfile.encoding=utf8 -XX:+UseParallelGC -XX:GCTimeRatio=4 -XX:AdaptiveSizePolicyWeight=90 -Dsun.zip.disableMemoryMapping=true -Xmx1G -Xms100m -Xlog:disable -javaagent:c:\Users\TCCom\.vscode\extensions\redhat.java-1.29.0-win32-x64\lombok\lombok-1.18.32.jar -XX:+HeapDumpOnOutOfMemoryError -XX:HeapDumpPath=c:\Users\TCCom\AppData\Roaming\Code\User\workspaceStorage\1a81187d08ad7f0aeec72b3a50f0f7b1\redhat.java -Daether.dependencyCollector.impl=bf c:\Users\TCCom\.vscode\extensions\redhat.java-1.29.0-win32-x64\server\plugins\org.eclipse.equinox.launcher_1.6.800.v20240304-1850.jar -configuration c:\Users\TCCom\AppData\Roaming\Code\User\globalStorage\redhat.java\1.29.0\config_win -data c:\Users\TCCom\AppData\Roaming\Code\User\workspaceStorage\1a81187d08ad7f0aeec72b3a50f0f7b1\redhat.java\jdt_ws --stdio

Host: AMD Ryzen 5 3500U with Radeon Vega Mobile Gfx  , 8 cores, 3G,  Windows 11 , 64 bit Build 22621 (10.0.22621.3235)
Time: Sat Apr  6 18:32:09 2024 SE Asia Standard Time elapsed time: 2.579549 seconds (0d 0h 0m 2s)

---------------  T H R E A D  ---------------

Current thread (0x000002869eb807b0):  JavaThread "main" [_thread_in_vm, id=920, stack(0x000000e2da800000,0x000000e2da900000)]

Stack: [0x000000e2da800000,0x000000e2da900000]
Native frames: (J=compiled Java code, j=interpreted, Vv=VM code, C=native code)
V  [jvm.dll+0x67d2c9]
V  [jvm.dll+0x834afa]
V  [jvm.dll+0x8365be]
V  [jvm.dll+0x836c23]
V  [jvm.dll+0x2477ff]
V  [jvm.dll+0x8307bb]
V  [jvm.dll+0x621d16]
V  [jvm.dll+0x1c183e]
V  [jvm.dll+0x624671]
V  [jvm.dll+0x6226b6]
V  [jvm.dll+0x24516c]
V  [jvm.dll+0x6d413d]
V  [jvm.dll+0x6d4b7f]
V  [jvm.dll+0x373644]
V  [jvm.dll+0x3726c4]
V  [jvm.dll+0x372668]
V  [jvm.dll+0x38264a]
C  0x00000286a8d4ae1b

The last pc belongs to new (printed below).
Java frames: (J=compiled Java code, j=interpreted, Vv=VM code)
j  org.eclipse.osgi.internal.serviceregistry.ServiceRegistry.registerService(Lorg/eclipse/osgi/internal/framework/BundleContextImpl;[Ljava/lang/String;Ljava/lang/Object;Ljava/util/Dictionary;)Lorg/eclipse/osgi/internal/serviceregistry/ServiceRegistrationImpl;+281
j  org.eclipse.osgi.internal.framework.BundleContextImpl.registerService([Ljava/lang/String;Ljava/lang/Object;Ljava/util/Dictionary;)Lorg/osgi/framework/ServiceRegistration;+15
j  org.eclipse.osgi.internal.log.LogServiceManager.start(Lorg/osgi/framework/BundleContext;)V+68
j  org.eclipse.osgi.internal.log.EquinoxLogServices.start(Lorg/osgi/framework/BundleContext;)V+5
j  org.eclipse.osgi.internal.framework.SystemBundleActivator.start(Lorg/osgi/framework/BundleContext;)V+49
j  org.eclipse.osgi.internal.framework.BundleContextImpl$2.run()Ljava/lang/Void;+23
j  org.eclipse.osgi.internal.framework.BundleContextImpl$2.run()Ljava/lang/Object;+1
J 873 c1 java.security.AccessController.executePrivileged(Ljava/security/PrivilegedExceptionAction;Ljava/security/AccessControlContext;Ljava/lang/Class;)Ljava/lang/Object; java.base@17.0.10 (65 bytes) @ 0x00000286a19720b4 [0x00000286a1971f60+0x0000000000000154]
j  java.security.AccessController.doPrivileged(Ljava/security/PrivilegedExceptionAction;)Ljava/lang/Object;+9 java.base@17.0.10
j  org.eclipse.osgi.internal.framework.BundleContextImpl.startActivator(Lorg/osgi/framework/BundleActivator;)V+9
j  org.eclipse.osgi.internal.framework.BundleContextImpl.start()V+134
j  org.eclipse.osgi.internal.framework.EquinoxBundle.startWorker0()V+35
j  org.eclipse.osgi.internal.framework.EquinoxBundle$SystemBundle$EquinoxSystemModule.initWorker()V+60
j  org.eclipse.osgi.container.SystemModule.init()V+333
j  org.eclipse.osgi.internal.framework.EquinoxBundle$SystemBundle.init([Lorg/osgi/framework/FrameworkListener;)V+84
j  org.eclipse.osgi.internal.framework.EquinoxBundle$SystemBundle.init()V+2
j  org.eclipse.osgi.launch.Equinox.init()V+4
j  org.eclipse.core.runtime.adaptor.EclipseStarter.startup([Ljava/lang/String;Ljava/lang/Runnable;)Lorg/osgi/framework/BundleContext;+37
j  org.eclipse.core.runtime.adaptor.EclipseStarter.run([Ljava/lang/String;Ljava/lang/Runnable;)Ljava/lang/Object;+21
v  ~StubRoutines::call_stub
j  jdk.internal.reflect.NativeMethodAccessorImpl.invoke0(Ljava/lang/reflect/Method;Ljava/lang/Object;[Ljava/lang/Object;)Ljava/lang/Object;+0 java.base@17.0.10
j  jdk.internal.reflect.NativeMethodAccessorImpl.invoke(Ljava/lang/Object;[Ljava/lang/Object;)Ljava/lang/Object;+133 java.base@17.0.10
j  jdk.internal.reflect.DelegatingMethodAccessorImpl.invoke(Ljava/lang/Object;[Ljava/lang/Object;)Ljava/lang/Object;+6 java.base@17.0.10
j  java.lang.reflect.Method.invoke(Ljava/lang/Object;[Ljava/lang/Object;)Ljava/lang/Object;+59 java.base@17.0.10
j  org.eclipse.equinox.launcher.Main.invokeFramework([Ljava/lang/String;[Ljava/net/URL;)V+202
j  org.eclipse.equinox.launcher.Main.basicRun([Ljava/lang/String;)V+159
j  org.eclipse.equinox.launcher.Main.run([Ljava/lang/String;)I+4
j  org.eclipse.equinox.launcher.Main.main([Ljava/lang/String;)V+10
v  ~StubRoutines::call_stub
new  187 new  [0x00000286a8d4ac80, 0x00000286a8d4aea0]  544 bytes
[MachCode]
  0x00000286a8d4ac80: 4883 ec08 | c5fa 1104 | 24eb 1f48 | 83ec 10c5 | fb11 0424 | eb14 4883 | ec10 4889 | 0424 48c7 
  0x00000286a8d4aca0: 4424 0800 | 0000 00eb | 0150 410f | b755 010f | cac1 ea10 | 488b 4de8 | 488b 4908 | 488b 4908 
  0x00000286a8d4acc0: 488b 4108 | 807c 1004 | 070f 85d6 | 0000 0066 | 8b54 d148 | 488b 4928 | 488b 4cd1 | 0851 80b9 
  0x00000286a8d4ace0: 3301 0000 | 040f 85b9 | 0000 008b | 5108 f7c2 | 0100 0000 | 0f85 aa00 | 0000 498b | 8708 0100 
  0x00000286a8d4ad00: 0048 8d1c | 1049 3b9f | 1801 0000 | 0f87 9200 | 0000 4989 | 9f08 0100 | 00e9 0000 | 0000 4883 
  0x00000286a8d4ad20: ea10 0f84 | 0f00 0000 | 33c9 c1ea | 0348 894c | d008 48ff | ca75 f648 | c700 0100 | 0000 5933 
  0x00000286a8d4ad40: f689 700c | 48c1 e903 | 8948 0849 | ba7a 35e0 | 06fb 7f00 | 0041 803a | 000f 8440 | 0000 0050 
  0x00000286a8d4ad60: 488b c848 | 83ec 20f7 | c40f 0000 | 000f 841a | 0000 0048 | 83ec 0849 | ba20 3096 | 06fb 7f00 
  0x00000286a8d4ad80: 0041 ffd2 | 4883 c408 | e90d 0000 | 0049 ba20 | 3096 06fb | 7f00 0041 | ffd2 4883 | c420 58e9 
  0x00000286a8d4ada0: cd00 0000 | 5948 8b55 | e848 8b52 | 0848 8b52 | 0845 0fb7 | 4501 410f | c841 c1e8 | 10e8 0500 
  0x00000286a8d4adc0: 0000 e9aa | 0000 0048 | 8d44 2408 | 4c89 6dc0 | 498b cfc5 | f877 4989 | afa8 0200 | 0049 8987 
  0x00000286a8d4ade0: 9802 0000 | 4883 ec20 | f7c4 0f00 | 0000 0f84 | 1a00 0000 | 4883 ec08 | 49ba c025 | 6006 fb7f 
  0x00000286a8d4ae00: 0000 41ff | d248 83c4 | 08e9 0d00 | 0000 49ba | c025 6006 | fb7f 0000 | 41ff d248 | 83c4 2049 
  0x00000286a8d4ae20: c787 9802 | 0000 0000 | 0000 49c7 | 87a8 0200 | 0000 0000 | 0049 c787 | a002 0000 | 0000 0000 
  0x00000286a8d4ae40: c5f8 7749 | 817f 0800 | 0000 000f | 8405 0000 | 00e9 aa60 | feff 498b | 87f0 0200 | 0049 c787 
  0x00000286a8d4ae60: f002 0000 | 0000 0000 | 4c8b 6dc0 | 4c8b 75c8 | c341 0fb6 | 5d03 4983 | c503 49ba | 90a1 e206 
  0x00000286a8d4ae80: fb7f 0000 | 41ff 24da | 0000 0000 | 0000 0000 | 0000 0000 | 0000 0000 | 0000 0000 | 0000 0000 
[/MachCode]

Compiled method (c1)    2619  873       3       java.security.AccessController::executePrivileged (65 bytes)
 total in heap  [0x00000286a1971d90,0x00000286a1972378] = 1512
 relocation     [0x00000286a1971ee8,0x00000286a1971f48] = 96
 main code      [0x00000286a1971f60,0x00000286a1972200] = 672
 stub code      [0x00000286a1972200,0x00000286a1972258] = 88
 metadata       [0x00000286a1972258,0x00000286a1972268] = 16
 scopes data    [0x00000286a1972268,0x00000286a19722e0] = 120
 scopes pcs     [0x00000286a19722e0,0x00000286a1972360] = 128
 dependencies   [0x00000286a1972360,0x00000286a1972368] = 8
 nul chk table  [0x00000286a1972368,0x00000286a1972378] = 16

[Constant Pool (empty)]

[MachCode]
[Verified Entry Point]
  # {method} {0x00000286b3030fe8} 'executePrivileged' '(Ljava/security/PrivilegedExceptionAction;Ljava/security/AccessControlContext;Ljava/lang/Class;)Ljava/lang/Object;' in 'java/security/AccessController'
  # parm0:    rdx:rdx   = 'java/security/PrivilegedExceptionAction'
  # parm1:    r8:r8     = 'java/security/AccessControlContext'
  # parm2:    r9:r9     = 'java/lang/Class'
  #           [sp+0x50]  (sp of caller)
  0x00000286a1971f60: 8984 2400 | 90ff ff55 | 4883 ec40 | 4c89 4424 

  0x00000286a1971f70: ;   {metadata(method data for {method} {0x00000286b3030fe8} 'executePrivileged' '(Ljava/security/PrivilegedExceptionAction;Ljava/security/AccessControlContext;Ljava/lang/Class;)Ljava/lang/Object;' in 'java/security/AccessController')}
  0x00000286a1971f70: 3048 beb8 | 199b b386 | 0200 008b | becc 0000 | 0083 c702 | 89be cc00 | 0000 81e7 | fe07 0000 
  0x00000286a1971f90: 83ff 000f | 84b7 0100 | 0049 83f8 

  0x00000286a1971f9c: ;   {metadata(method data for {method} {0x00000286b3030fe8} 'executePrivileged' '(Ljava/security/PrivilegedExceptionAction;Ljava/security/AccessControlContext;Ljava/lang/Class;)Ljava/lang/Object;' in 'java/security/AccessController')}
  0x00000286a1971f9c: 0048 beb8 | 199b b386 | 0200 0048 | bf10 0100 | 0000 0000 | 000f 840a | 0000 0048 | bf20 0100 
  0x00000286a1971fbc: 0000 0000 | 0048 8b1c | 3e48 8d5b | 0148 891c | 3e4c 894c | 2428 4889 | 5424 200f | 841f 0000 
  0x00000286a1971fdc: ;   {metadata(method data for {method} {0x00000286b3030fe8} 'executePrivileged' '(Ljava/security/PrivilegedExceptionAction;Ljava/security/AccessControlContext;Ljava/lang/Class;)Ljava/lang/Object;' in 'java/security/AccessController')}
  0x00000286a1971fdc: 0048 beb8 | 199b b386 | 0200 0048 | 8386 3001 | 0000 0149 | 8bd0 0f1f 

  0x00000286a1971ff4: ;   {static_call}
  0x00000286a1971ff4: 4400 00e8 

  0x00000286a1971ff8: ; ImmutableOopMap {[32]=Oop [40]=Oop [48]=Oop }
                      ;*invokestatic ensureMaterializedForStackWalk {reexecute=0 rethrow=0 return_oop=0}
                      ; - java.security.AccessController::executePrivileged@5
  0x00000286a1971ff8: bc50 9d07 

  0x00000286a1971ffc: ;   {metadata(method data for {method} {0x00000286b3030fe8} 'executePrivileged' '(Ljava/security/PrivilegedExceptionAction;Ljava/security/AccessControlContext;Ljava/lang/Class;)Ljava/lang/Object;' in 'java/security/AccessController')}
  0x00000286a1971ffc: 48ba b819 | 9bb3 8602 | 0000 ff82 | 4001 0000 | 488b 5424 | 2048 3b02 

  0x00000286a1972014: ;   {metadata(method data for {method} {0x00000286b3030fe8} 'executePrivileged' '(Ljava/security/PrivilegedExceptionAction;Ljava/security/AccessControlContext;Ljava/lang/Class;)Ljava/lang/Object;' in 'java/security/AccessController')}
  0x00000286a1972014: 488b f248 | bfb8 199b | b386 0200 | 008b 7608 | 48c1 e603 | 483b b7b0 | 0100 0075 | 0d48 8387 
  0x00000286a1972034: b801 0000 | 01e9 6600 | 0000 483b | b7c0 0100 | 0075 0d48 | 8387 c801 | 0000 01e9 | 5000 0000 
  0x00000286a1972054: 4881 bfb0 | 0100 0000 | 0000 0075 | 1748 89b7 | b001 0000 | 48c7 87b8 | 0100 0001 | 0000 00e9 
  0x00000286a1972074: 2c00 0000 | 4881 bfc0 | 0100 0000 | 0000 0075 | 1748 89b7 | c001 0000 | 48c7 87c8 | 0100 0001 
  0x00000286a1972094: 0000 00e9 | 0800 0000 | 4883 87a0 | 0100 0001 | 9048 b800 | e719 b986 

  0x00000286a19720ac: ;   {virtual_call}
  0x00000286a19720ac: 0200 00e8 

  0x00000286a19720b0: ; ImmutableOopMap {[40]=Oop [48]=Oop }
                      ;*invokeinterface run {reexecute=0 rethrow=0 return_oop=0}
                      ; - java.security.AccessController::executePrivileged@29
  0x00000286a19720b0: 5cc1 4b07 

  0x00000286a19720b4: ;   {metadata(method data for {method} {0x00000286b3030fe8} 'executePrivileged' '(Ljava/security/PrivilegedExceptionAction;Ljava/security/AccessControlContext;Ljava/lang/Class;)Ljava/lang/Object;' in 'java/security/AccessController')}
  0x00000286a19720b4: 48be b819 | 9bb3 8602 | 0000 ff86 | d801 0000 | 4c8b 4c24 

  0x00000286a19720c8: ;   {metadata(method data for {method} {0x00000286b3030fe8} 'executePrivileged' '(Ljava/security/PrivilegedExceptionAction;Ljava/security/AccessControlContext;Ljava/lang/Class;)Ljava/lang/Object;' in 'java/security/AccessController')}
  0x00000286a19720c8: 2848 beb8 | 199b b386 | 0200 0048 | 8386 3802 

  0x00000286a19720d8: ;   {metadata(method data for {method} {0x00000286b3035da8} 'reachabilityFence' '(Ljava/lang/Object;)V' in 'java/lang/ref/Reference')}
  0x00000286a19720d8: 0000 0148 | be88 4e5e | b386 0200 | 008b becc | 0000 0083 | c702 89be | cc00 0000 | 81e7 feff 
  0x00000286a19720f8: 1f00 83ff | 000f 8473 

  0x00000286a1972100: ;   {metadata(method data for {method} {0x00000286b3030fe8} 'executePrivileged' '(Ljava/security/PrivilegedExceptionAction;Ljava/security/AccessControlContext;Ljava/lang/Class;)Ljava/lang/Object;' in 'java/security/AccessController')}
  0x00000286a1972100: 0000 0048 | beb8 199b | b386 0200 | 0048 8386 | 4802 0000 

  0x00000286a1972114: ;   {metadata(method data for {method} {0x00000286b3035da8} 'reachabilityFence' '(Ljava/lang/Object;)V' in 'java/lang/ref/Reference')}
  0x00000286a1972114: 0148 be88 | 4e5e b386 | 0200 008b | becc 0000 | 0083 c702 | 89be cc00 | 0000 81e7 | feff 1f00 
  0x00000286a1972134: 83ff 000f | 845a 0000 | 0048 83c4 

  0x00000286a1972140: ;   {poll_return}
  0x00000286a1972140: 405d 493b | a750 0300 | 000f 8766 | 0000 00c3 

  0x00000286a1972150: ;   {metadata({method} {0x00000286b3030fe8} 'executePrivileged' '(Ljava/security/PrivilegedExceptionAction;Ljava/security/AccessControlContext;Ljava/lang/Class;)Ljava/lang/Object;' in 'java/security/AccessController')}
  0x00000286a1972150: 49ba e00f | 03b3 8602 | 0000 4c89 | 5424 0848 | c704 24ff 

  0x00000286a1972164: ;   {runtime_call counter_overflow Runtime1 stub}
  0x00000286a1972164: ffff ffe8 

  0x00000286a1972168: ; ImmutableOopMap {rdx=Oop r8=Oop [48]=Oop r9=Oop }
                      ;*synchronization entry
                      ; - java.security.AccessController::executePrivileged@-1
  0x00000286a1972168: 1458 4b07 | e928 feff 

  0x00000286a1972170: ;   {runtime_call throw_null_pointer_exception Runtime1 stub}
  0x00000286a1972170: ffe8 2a07 

  0x00000286a1972174: ; ImmutableOopMap {[40]=Oop rdx=Oop [48]=Oop }
                      ;*invokeinterface run {reexecute=0 rethrow=0 return_oop=0}
                      ; - java.security.AccessController::executePrivileged@29
                      ;   {metadata({method} {0x00000286b3035da8} 'reachabilityFence' '(Ljava/lang/Object;)V' in 'java/lang/ref/Reference')}
  0x00000286a1972174: 4b07 49ba | a05d 03b3 | 8602 0000 | 4c89 5424 | 0848 c704 | 24ff ffff 

  0x00000286a197218c: ;   {runtime_call counter_overflow Runtime1 stub}
  0x00000286a197218c: ffe8 ee57 

  0x00000286a1972190: ; ImmutableOopMap {rax=Oop r9=Oop }
                      ;*synchronization entry
                      ; - java.lang.ref.Reference::reachabilityFence@-1
                      ; - java.security.AccessController::executePrivileged@56
  0x00000286a1972190: 4b07 e96c 

  0x00000286a1972194: ;   {metadata({method} {0x00000286b3035da8} 'reachabilityFence' '(Ljava/lang/Object;)V' in 'java/lang/ref/Reference')}
  0x00000286a1972194: ffff ff49 | baa0 5d03 | b386 0200 | 004c 8954 | 2408 48c7 | 0424 ffff 

  0x00000286a19721ac: ;   {runtime_call counter_overflow Runtime1 stub}
  0x00000286a19721ac: ffff e8cd 

  0x00000286a19721b0: ; ImmutableOopMap {rax=Oop }
                      ;*synchronization entry
                      ; - java.lang.ref.Reference::reachabilityFence@-1
                      ; - java.security.AccessController::executePrivileged@60
  0x00000286a19721b0: 574b 07eb 

  0x00000286a19721b4: ;   {internal_word}
  0x00000286a19721b4: 8849 ba42 | 2197 a186 | 0200 004d | 8997 6803 

  0x00000286a19721c4: ;   {runtime_call SafepointBlob}
  0x00000286a19721c4: 0000 e935 | 5541 0790 | 9049 8b87 | e003 0000 | 49c7 87e0 | 0300 0000 | 0000 0049 | c787 e803 
  0x00000286a19721e4: 0000 0000 | 0000 4883 

  0x00000286a19721ec: ;   {runtime_call unwind_exception Runtime1 stub}
  0x00000286a19721ec: c440 5de9 | 0c27 4207 | f4f4 f4f4 | f4f4 f4f4 | f4f4 f4f4 
[Stub Code]
  0x00000286a1972200: ;   {no_reloc}
  0x00000286a1972200: 0f1f 4400 

  0x00000286a1972204: ;   {static_stub}
  0x00000286a1972204: 0048 bb58 | 0d03 b386 

  0x00000286a197220c: ;   {runtime_call I2C/C2I adapters}
  0x00000286a197220c: 0200 00e9 | 3c38 4107 

  0x00000286a1972214: ;   {static_stub}
  0x00000286a1972214: 9048 bb00 | 0000 0000 

  0x00000286a197221c: ;   {runtime_call}
  0x00000286a197221c: 0000 00e9 | fbff ffff 
[Exception Handler]
  0x00000286a1972224: ;   {runtime_call handle_exception_from_callee Runtime1 stub}
  0x00000286a1972224: e857 244b 

  0x00000286a1972228: ;   {external_word}
  0x00000286a1972228: 0748 b940 | 9aba 06fb | 7f00 0048 

  0x00000286a1972234: ;   {runtime_call}
  0x00000286a1972234: 83e4 f049 | ba60 2d83 | 06fb 7f00 | 0041 ffd2 

  0x00000286a1972244: ;   {section_word}
  0x00000286a1972244: f449 ba45 | 2297 a186 | 0200 0041 

  0x00000286a1972250: ;   {runtime_call DeoptimizationBlob}
  0x00000286a1972250: 52e9 4a47 | 4107 f4f4 
[/MachCode]


---------------  P R O C E S S  ---------------

Threads class SMR info:
_java_thread_list=0x00000286b9296600, length=13, elements={
0x000002869eb807b0, 0x00000286b7af7030, 0x00000286b7af92c0, 0x00000286b29fd620,
0x00000286b29fe0f0, 0x00000286b7b166c0, 0x00000286b7b16f90, 0x00000286b7b1a440,
0x00000286b7b2a2b0, 0x00000286b7b2abc0, 0x000002869ebe57e0, 0x00000286b7e42d50,
0x00000286b92967e0
}

Java Threads: ( => current thread )
=>0x000002869eb807b0 JavaThread "main" [_thread_in_vm, id=920, stack(0x000000e2da800000,0x000000e2da900000)]
  0x00000286b7af7030 JavaThread "Reference Handler" daemon [_thread_blocked, id=1280, stack(0x000000e2dab00000,0x000000e2dac00000)]
  0x00000286b7af92c0 JavaThread "Finalizer" daemon [_thread_blocked, id=17820, stack(0x000000e2dac00000,0x000000e2dad00000)]
  0x00000286b29fd620 JavaThread "Signal Dispatcher" daemon [_thread_blocked, id=17564, stack(0x000000e2dad00000,0x000000e2dae00000)]
  0x00000286b29fe0f0 JavaThread "Attach Listener" daemon [_thread_blocked, id=2128, stack(0x000000e2dae00000,0x000000e2daf00000)]
  0x00000286b7b166c0 JavaThread "Service Thread" daemon [_thread_blocked, id=3720, stack(0x000000e2daf00000,0x000000e2db000000)]
  0x00000286b7b16f90 JavaThread "Monitor Deflation Thread" daemon [_thread_blocked, id=9384, stack(0x000000e2db000000,0x000000e2db100000)]
  0x00000286b7b1a440 JavaThread "C2 CompilerThread0" daemon [_thread_blocked, id=7928, stack(0x000000e2db100000,0x000000e2db200000)]
  0x00000286b7b2a2b0 JavaThread "C1 CompilerThread0" daemon [_thread_blocked, id=16724, stack(0x000000e2db200000,0x000000e2db300000)]
  0x00000286b7b2abc0 JavaThread "Sweeper thread" daemon [_thread_blocked, id=9668, stack(0x000000e2db300000,0x000000e2db400000)]
  0x000002869ebe57e0 JavaThread "Common-Cleaner" daemon [_thread_blocked, id=8316, stack(0x000000e2db400000,0x000000e2db500000)]
  0x00000286b7e42d50 JavaThread "Notification Thread" daemon [_thread_blocked, id=9736, stack(0x000000e2db500000,0x000000e2db600000)]
  0x00000286b92967e0 JavaThread "Active Thread: Equinox Container: a08c04b3-b0c8-4cef-855b-5a7d05ac552c" [_thread_blocked, id=7092, stack(0x000000e2dbd00000,0x000000e2dbe00000)]

Other Threads:
  0x00000286b7ae1650 VMThread "VM Thread" [stack: 0x000000e2daa00000,0x000000e2dab00000] [id=9740]
  0x00000286b7e06400 WatcherThread [stack: 0x000000e2db600000,0x000000e2db700000] [id=20216]
  0x000002869eb93a70 GCTaskThread "GC Thread#0" [stack: 0x000000e2da900000,0x000000e2daa00000] [id=14908]
  0x00000286b9140e10 GCTaskThread "GC Thread#1" [stack: 0x000000e2db700000,0x000000e2db800000] [id=15620]
  0x00000286b91410d0 GCTaskThread "GC Thread#2" [stack: 0x000000e2db800000,0x000000e2db900000] [id=8532]
  0x00000286b91c9860 GCTaskThread "GC Thread#3" [stack: 0x000000e2db900000,0x000000e2dba00000] [id=18472]
  0x00000286b91c9b20 GCTaskThread "GC Thread#4" [stack: 0x000000e2dba00000,0x000000e2dbb00000] [id=17740]
  0x00000286b91c9de0 GCTaskThread "GC Thread#5" [stack: 0x000000e2dbb00000,0x000000e2dbc00000] [id=16600]
  0x00000286b91ca0a0 GCTaskThread "GC Thread#6" [stack: 0x000000e2dbc00000,0x000000e2dbd00000] [id=17312]

Threads with active compile tasks:

VM state: not at safepoint (normal execution)

VM Mutex/Monitor currently owned by a thread:  ([mutex/lock_event])
[0x000002869c8ec7c0] Metaspace_lock - owner thread: 0x000002869eb807b0

Heap address: 0x00000000c0000000, size: 1024 MB, Compressed Oops mode: 32-bit

CDS archive(s) not mapped
Compressed class space mapped at: 0x0000000100000000-0x0000000140000000, reserved size: 1073741824
Narrow klass base: 0x0000000000000000, Narrow klass shift: 3, Narrow klass range: 0x140000000

GC Precious Log:
 CPUs: 8 total, 8 available
 Memory: 3470M
 Large Page Support: Disabled
 NUMA Support: Disabled
 Compressed Oops: Enabled (32-bit)
 Alignments: Space 512K, Generation 512K, Heap 2M
 Heap Min Capacity: 100M
 Heap Initial Capacity: 100M
 Heap Max Capacity: 1G
 Pre-touch: Disabled
 Parallel Workers: 8

Heap:
 PSYoungGen      total 29696K, used 19439K [0x00000000eab00000, 0x00000000ecc00000, 0x0000000100000000)
  eden space 25600K, 63% used [0x00000000eab00000,0x00000000ebae6c40,0x00000000ec400000)
  from space 4096K, 77% used [0x00000000ec400000,0x00000000ec715298,0x00000000ec800000)
  to   space 4096K, 0% used [0x00000000ec800000,0x00000000ec800000,0x00000000ecc00000)
 ParOldGen       total 68608K, used 16K [0x00000000c0000000, 0x00000000c4300000, 0x00000000eab00000)
  object space 68608K, 0% used [0x00000000c0000000,0x00000000c0004000,0x00000000c4300000)
 Metaspace       used 13209K, committed 13376K, reserved 1114112K
  class space    used 1300K, committed 1408K, reserved 1048576K

Card table byte_map: [0x000002869e500000,0x000002869e710000] _byte_map_base: 0x000002869df00000

Marking Bits: (ParMarkBitMap*) 0x00007ffb06e1d7d0
 Begin Bits: [0x00000286b0800000, 0x00000286b1800000)
 End Bits:   [0x00000286b1800000, 0x00000286b2800000)

Polling page: 0x000002869caf0000

Metaspace:

Usage:
  Non-class:     11.63 MB used.
      Class:      1.27 MB used.
       Both:     12.90 MB used.

Virtual space:
  Non-class space:       64.00 MB reserved,      11.69 MB ( 18%) committed,  1 nodes.
      Class space:        1.00 GB reserved,       1.38 MB ( <1%) committed,  1 nodes.
             Both:        1.06 GB reserved,      13.06 MB (  1%) committed. 

Chunk freelists:
   Non-Class:  3.73 MB
       Class:  14.54 MB
        Both:  18.28 MB

MaxMetaspaceSize: unlimited
CompressedClassSpaceSize: 1.00 GB
Initial GC threshold: 21.00 MB
Current GC threshold: 21.00 MB
CDS: off
MetaspaceReclaimPolicy: balanced
 - commit_granule_bytes: 65536.
 - commit_granule_words: 8192.
 - virtual_space_node_default_size: 8388608.
 - enlarge_chunks_in_place: 1.
 - new_chunks_are_fully_committed: 0.
 - uncommit_free_chunks: 1.
 - use_allocation_guard: 0.
 - handle_deallocations: 1.


Internal statistics:

num_allocs_failed_limit: 0.
num_arena_births: 52.
num_arena_deaths: 0.
num_vsnodes_births: 2.
num_vsnodes_deaths: 0.
num_space_committed: 209.
num_space_uncommitted: 0.
num_chunks_returned_to_freelist: 0.
num_chunks_taken_from_freelist: 195.
num_chunk_merges: 0.
num_chunk_splits: 132.
num_chunks_enlarged: 107.
num_inconsistent_stats: 0.

CodeHeap 'non-profiled nmethods': size=120000Kb used=515Kb max_used=515Kb free=119484Kb
 bounds [0x00000286a92d0000, 0x00000286a9540000, 0x00000286b0800000]
CodeHeap 'profiled nmethods': size=120000Kb used=2394Kb max_used=2394Kb free=117605Kb
 bounds [0x00000286a1800000, 0x00000286a1a70000, 0x00000286a8d30000]
CodeHeap 'non-nmethods': size=5760Kb used=1156Kb max_used=1175Kb free=4603Kb
 bounds [0x00000286a8d30000, 0x00000286a8fa0000, 0x00000286a92d0000]
 total_blobs=1795 nmethods=1350 adapters=359
 compilation: enabled
              stopped_count=0, restarted_count=0
 full_count=0

Compilation events (20 events):
Event: 2.537 Thread 0x00000286b7b2a2b0 1338       3       jdk.internal.org.objectweb.asm.SymbolTable::hash (15 bytes)
Event: 2.538 Thread 0x00000286b7b2a2b0 nmethod 1338 0x00000286a1a4f790 code [0x00000286a1a4f940, 0x00000286a1a4fad8]
Event: 2.538 Thread 0x00000286b7b2a2b0 1343       3       jdk.internal.org.objectweb.asm.SymbolTable$Entry::<init> (18 bytes)
Event: 2.538 Thread 0x00000286b7b2a2b0 nmethod 1343 0x00000286a1a4fc10 code [0x00000286a1a4fdc0, 0x00000286a1a4ff48]
Event: 2.538 Thread 0x00000286b7b2a2b0 1339       3       sun.invoke.util.BytecodeDescriptor::unparse (24 bytes)
Event: 2.538 Thread 0x00000286b7b2a2b0 nmethod 1339 0x00000286a1a50010 code [0x00000286a1a501c0, 0x00000286a1a503c8]
Event: 2.538 Thread 0x00000286b7b2a2b0 1345       3       jdk.internal.org.objectweb.asm.Frame::pop (44 bytes)
Event: 2.539 Thread 0x00000286b7b2a2b0 nmethod 1345 0x00000286a1a50490 code [0x00000286a1a50620, 0x00000286a1a507b8]
Event: 2.539 Thread 0x00000286b7b2a2b0 1344       3       sun.invoke.util.BytecodeDescriptor::unparseSig (49 bytes)
Event: 2.539 Thread 0x00000286b7b2a2b0 nmethod 1344 0x00000286a1a50890 code [0x00000286a1a50ac0, 0x00000286a1a50fe8]
Event: 2.539 Thread 0x00000286b7b2a2b0 1346       3       jdk.internal.org.objectweb.asm.Frame::pop (42 bytes)
Event: 2.540 Thread 0x00000286b7b2a2b0 nmethod 1346 0x00000286a1a51290 code [0x00000286a1a51440, 0x00000286a1a515f8]
Event: 2.547 Thread 0x00000286b7b2a2b0 1347       3       lombok.eclipse.agent.EclipsePatcher$1::shouldTransform (93 bytes)
Event: 2.550 Thread 0x00000286b7b2a2b0 nmethod 1347 0x00000286a1a51710 code [0x00000286a1a51a60, 0x00000286a1a52fb8]
Event: 2.551 Thread 0x00000286b7b2a2b0 1348       3       java.lang.ClassLoader::postDefineClass (39 bytes)
Event: 2.552 Thread 0x00000286b7b2a2b0 nmethod 1348 0x00000286a1a53690 code [0x00000286a1a53880, 0x00000286a1a53b98]
Event: 2.563 Thread 0x00000286b7b2a2b0 1349       3       java.lang.ClassLoader::checkCerts (121 bytes)
Event: 2.566 Thread 0x00000286b7b2a2b0 nmethod 1349 0x00000286a1a53d90 code [0x00000286a1a54080, 0x00000286a1a54ea8]
Event: 2.569 Thread 0x00000286b7b2a2b0 1351       3       java.lang.ClassLoader::definePackage (85 bytes)
Event: 2.572 Thread 0x00000286b7b2a2b0 nmethod 1351 0x00000286a1a55410 code [0x00000286a1a556e0, 0x00000286a1a565b8]

GC Heap History (2 events):
Event: 1.592 GC heap before
{Heap before GC invocations=1 (full 0):
 PSYoungGen      total 29696K, used 25600K [0x00000000eab00000, 0x00000000ecc00000, 0x0000000100000000)
  eden space 25600K, 100% used [0x00000000eab00000,0x00000000ec400000,0x00000000ec400000)
  from space 4096K, 0% used [0x00000000ec800000,0x00000000ec800000,0x00000000ecc00000)
  to   space 4096K, 0% used [0x00000000ec400000,0x00000000ec400000,0x00000000ec800000)
 ParOldGen       total 68608K, used 0K [0x00000000c0000000, 0x00000000c4300000, 0x00000000eab00000)
  object space 68608K, 0% used [0x00000000c0000000,0x00000000c0000000,0x00000000c4300000)
 Metaspace       used 10995K, committed 11200K, reserved 1114112K
  class space    used 1096K, committed 1216K, reserved 1048576K
}
Event: 1.604 GC heap after
{Heap after GC invocations=1 (full 0):
 PSYoungGen      total 29696K, used 3156K [0x00000000eab00000, 0x00000000ecc00000, 0x0000000100000000)
  eden space 25600K, 0% used [0x00000000eab00000,0x00000000eab00000,0x00000000ec400000)
  from space 4096K, 77% used [0x00000000ec400000,0x00000000ec715298,0x00000000ec800000)
  to   space 4096K, 0% used [0x00000000ec800000,0x00000000ec800000,0x00000000ecc00000)
 ParOldGen       total 68608K, used 16K [0x00000000c0000000, 0x00000000c4300000, 0x00000000eab00000)
  object space 68608K, 0% used [0x00000000c0000000,0x00000000c0004000,0x00000000c4300000)
 Metaspace       used 10995K, committed 11200K, reserved 1114112K
  class space    used 1096K, committed 1216K, reserved 1048576K
}

Dll operation events (8 events):
Event: 0.021 Loaded shared library c:\Users\TCCom\.vscode\extensions\redhat.java-1.29.0-win32-x64\jre\17.0.10-win32-x86_64\bin\java.dll
Event: 0.309 Loaded shared library c:\Users\TCCom\.vscode\extensions\redhat.java-1.29.0-win32-x64\jre\17.0.10-win32-x86_64\bin\zip.dll
Event: 0.313 Loaded shared library C:\Users\TCCom\.vscode\extensions\redhat.java-1.29.0-win32-x64\jre\17.0.10-win32-x86_64\bin\instrument.dll
Event: 0.332 Loaded shared library C:\Users\TCCom\.vscode\extensions\redhat.java-1.29.0-win32-x64\jre\17.0.10-win32-x86_64\bin\net.dll
Event: 0.336 Loaded shared library C:\Users\TCCom\.vscode\extensions\redhat.java-1.29.0-win32-x64\jre\17.0.10-win32-x86_64\bin\nio.dll
Event: 0.348 Loaded shared library C:\Users\TCCom\.vscode\extensions\redhat.java-1.29.0-win32-x64\jre\17.0.10-win32-x86_64\bin\zip.dll
Event: 0.375 Loaded shared library C:\Users\TCCom\.vscode\extensions\redhat.java-1.29.0-win32-x64\jre\17.0.10-win32-x86_64\bin\jimage.dll
Event: 0.497 Loaded shared library c:\Users\TCCom\.vscode\extensions\redhat.java-1.29.0-win32-x64\jre\17.0.10-win32-x86_64\bin\verify.dll

Deoptimization events (20 events):
Event: 1.937 Thread 0x000002869eb807b0 DEOPT PACKING pc=0x00000286a186fa45 sp=0x000000e2da8f7bf0
Event: 1.937 Thread 0x000002869eb807b0 DEOPT UNPACKING pc=0x00000286a8d86e43 sp=0x000000e2da8f70a0 mode 0
Event: 1.950 Thread 0x000002869eb807b0 DEOPT PACKING pc=0x00000286a186fa45 sp=0x000000e2da8f3fd0
Event: 1.950 Thread 0x000002869eb807b0 DEOPT UNPACKING pc=0x00000286a8d86e43 sp=0x000000e2da8f3480 mode 0
Event: 1.958 Thread 0x000002869eb807b0 DEOPT PACKING pc=0x00000286a186fa45 sp=0x000000e2da8f3fd0
Event: 1.958 Thread 0x000002869eb807b0 DEOPT UNPACKING pc=0x00000286a8d86e43 sp=0x000000e2da8f3480 mode 0
Event: 1.978 Thread 0x000002869eb807b0 DEOPT PACKING pc=0x00000286a186fa45 sp=0x000000e2da8f3fd0
Event: 1.978 Thread 0x000002869eb807b0 DEOPT UNPACKING pc=0x00000286a8d86e43 sp=0x000000e2da8f3480 mode 0
Event: 1.989 Thread 0x000002869eb807b0 DEOPT PACKING pc=0x00000286a186fa45 sp=0x000000e2da8f7b00
Event: 1.989 Thread 0x000002869eb807b0 DEOPT UNPACKING pc=0x00000286a8d86e43 sp=0x000000e2da8f6fb0 mode 0
Event: 2.033 Thread 0x000002869eb807b0 DEOPT PACKING pc=0x00000286a186fa45 sp=0x000000e2da8f3c60
Event: 2.033 Thread 0x000002869eb807b0 DEOPT UNPACKING pc=0x00000286a8d86e43 sp=0x000000e2da8f3110 mode 0
Event: 2.052 Thread 0x000002869eb807b0 Uncommon trap: trap_request=0xffffffc6 fr.pc=0x00000286a92f971c relative=0x000000000000027c
Event: 2.052 Thread 0x000002869eb807b0 Uncommon trap: reason=bimorphic_or_optimized_type_check action=maybe_recompile pc=0x00000286a92f971c method=java.util.Collections$UnmodifiableCollection$1.next()Ljava/lang/Object; @ 4 c2
Event: 2.052 Thread 0x000002869eb807b0 DEOPT PACKING pc=0x00000286a92f971c sp=0x000000e2da8f81f0
Event: 2.052 Thread 0x000002869eb807b0 DEOPT UNPACKING pc=0x00000286a8d866a3 sp=0x000000e2da8f81a0 mode 2
Event: 2.052 Thread 0x000002869eb807b0 Uncommon trap: trap_request=0xffffffc6 fr.pc=0x00000286a92f971c relative=0x000000000000027c
Event: 2.052 Thread 0x000002869eb807b0 Uncommon trap: reason=bimorphic_or_optimized_type_check action=maybe_recompile pc=0x00000286a92f971c method=java.util.Collections$UnmodifiableCollection$1.next()Ljava/lang/Object; @ 4 c2
Event: 2.052 Thread 0x000002869eb807b0 DEOPT PACKING pc=0x00000286a92f971c sp=0x000000e2da8f81f0
Event: 2.052 Thread 0x000002869eb807b0 DEOPT UNPACKING pc=0x00000286a8d866a3 sp=0x000000e2da8f81a0 mode 2

Classes unloaded (0 events):
No events

Classes redefined (0 events):
No events

Internal exceptions (20 events):
Event: 0.275 Thread 0x000002869eb807b0 Exception <a 'java/lang/NoSuchMethodError'{0x00000000eacb5098}: 'void java.lang.invoke.DirectMethodHandle$Holder.invokeStatic(java.lang.Object, java.lang.Object, java.lang.Object)'> (0x00000000eacb5098) 
thrown [s\src\hotspot\share\interpreter\linkResolver.cpp, line 759]
Event: 0.545 Thread 0x000002869eb807b0 Exception <a 'java/lang/reflect/InvocationTargetException'{0x00000000eafe94a0}> (0x00000000eafe94a0) 
thrown [s\src\hotspot\share\runtime\reflection.cpp, line 1121]
Event: 0.933 Thread 0x000002869eb807b0 Exception <a 'java/lang/ClassNotFoundException'{0x00000000eb869260}: sun/net/www/protocol/c/Handler> (0x00000000eb869260) 
thrown [s\src\hotspot\share\classfile\systemDictionary.cpp, line 256]
Event: 0.945 Thread 0x000002869eb807b0 Exception <a 'java/io/FileNotFoundException'{0x00000000eb8865d0}> (0x00000000eb8865d0) 
thrown [s\src\hotspot\share\prims\jni.cpp, line 516]
Event: 0.946 Thread 0x000002869eb807b0 Exception <a 'java/io/FileNotFoundException'{0x00000000eb8872e0}> (0x00000000eb8872e0) 
thrown [s\src\hotspot\share\prims\jni.cpp, line 516]
Event: 0.947 Thread 0x000002869eb807b0 Exception <a 'java/io/FileNotFoundException'{0x00000000eb887fd0}> (0x00000000eb887fd0) 
thrown [s\src\hotspot\share\prims\jni.cpp, line 516]
Event: 0.948 Thread 0x000002869eb807b0 Exception <a 'java/io/FileNotFoundException'{0x00000000eb888c90}> (0x00000000eb888c90) 
thrown [s\src\hotspot\share\prims\jni.cpp, line 516]
Event: 0.966 Thread 0x000002869eb807b0 Exception <a 'java/io/FileNotFoundException'{0x00000000eb8c3560}> (0x00000000eb8c3560) 
thrown [s\src\hotspot\share\prims\jni.cpp, line 516]
Event: 1.359 Thread 0x000002869eb807b0 Exception <a 'java/lang/ClassNotFoundException'{0x00000000ec0c8290}: sun/net/www/protocol/c/Handler> (0x00000000ec0c8290) 
thrown [s\src\hotspot\share\classfile\systemDictionary.cpp, line 256]
Event: 1.360 Thread 0x000002869eb807b0 Exception <a 'java/lang/ClassNotFoundException'{0x00000000ec0c9648}: sun/net/www/protocol/c/Handler> (0x00000000ec0c9648) 
thrown [s\src\hotspot\share\classfile\systemDictionary.cpp, line 256]
Event: 1.361 Thread 0x000002869eb807b0 Exception <a 'java/lang/ClassNotFoundException'{0x00000000ec0ca888}: sun/net/www/protocol/c/Handler> (0x00000000ec0ca888) 
thrown [s\src\hotspot\share\classfile\systemDictionary.cpp, line 256]
Event: 1.376 Thread 0x000002869eb807b0 Exception <a 'java/io/FileNotFoundException'{0x00000000ec0f3450}> (0x00000000ec0f3450) 
thrown [s\src\hotspot\share\prims\jni.cpp, line 516]
Event: 1.573 Thread 0x000002869eb807b0 Exception <a 'java/lang/NoSuchMethodError'{0x00000000ec3c82c8}: 'int java.lang.invoke.DirectMethodHandle$Holder.invokeStaticInit(java.lang.Object, java.lang.Object, java.lang.Object, java.lang.Object)'> (0x00000000ec3c82c8) 
thrown [s\src\hotspot\share\interpreter\linkResolver.cpp, line 759]
Event: 1.577 Thread 0x000002869eb807b0 Exception <a 'java/lang/NoSuchMethodError'{0x00000000ec3d2938}: 'java.lang.Object java.lang.invoke.DirectMethodHandle$Holder.invokeInterface(java.lang.Object, java.lang.Object)'> (0x00000000ec3d2938) 
thrown [s\src\hotspot\share\interpreter\linkResolver.cpp, line 759]
Event: 1.578 Thread 0x000002869eb807b0 Exception <a 'java/lang/IncompatibleClassChangeError'{0x00000000ec3d6130}: Found class java.lang.Object, but interface was expected> (0x00000000ec3d6130) 
thrown [s\src\hotspot\share\interpreter\linkResolver.cpp, line 826]
Event: 1.580 Thread 0x000002869eb807b0 Exception <a 'java/lang/NoSuchMethodError'{0x00000000ec3da620}: 'void java.lang.invoke.DirectMethodHandle$Holder.invokeStatic(java.lang.Object, java.lang.Object)'> (0x00000000ec3da620) 
thrown [s\src\hotspot\share\interpreter\linkResolver.cpp, line 759]
Event: 1.581 Thread 0x000002869eb807b0 Exception <a 'java/lang/NoSuchMethodError'{0x00000000ec3dde20}: 'void java.lang.invoke.DirectMethodHandle$Holder.invokeStaticInit(java.lang.Object, java.lang.Object)'> (0x00000000ec3dde20) 
thrown [s\src\hotspot\share\interpreter\linkResolver.cpp, line 759]
Event: 1.583 Thread 0x000002869eb807b0 Exception <a 'java/lang/NoSuchMethodError'{0x00000000ec3e5270}: 'int java.lang.invoke.DirectMethodHandle$Holder.invokeStaticInit(java.lang.Object, java.lang.Object)'> (0x00000000ec3e5270) 
thrown [s\src\hotspot\share\interpreter\linkResolver.cpp, line 759]
Event: 1.819 Thread 0x000002869eb807b0 Exception <a 'java/lang/NoSuchMethodError'{0x00000000eac702e0}: 'void java.lang.invoke.DirectMethodHandle$Holder.invokeSpecial(java.lang.Object, java.lang.Object, java.lang.Object)'> (0x00000000eac702e0) 
thrown [s\src\hotspot\share\interpreter\linkResolver.cpp, line 759]
Event: 2.527 Thread 0x000002869eb807b0 Exception <a 'java/lang/NoSuchMethodError'{0x00000000eba538c0}: 'java.lang.Object java.lang.invoke.DirectMethodHandle$Holder.newInvokeSpecial(java.lang.Object, int, java.lang.Object)'> (0x00000000eba538c0) 
thrown [s\src\hotspot\share\interpreter\linkResolver.cpp, line 759]

VM Operations (18 events):
Event: 0.280 Executing VM operation: HandshakeAllThreads
Event: 0.280 Executing VM operation: HandshakeAllThreads done
Event: 0.892 Executing VM operation: HandshakeAllThreads
Event: 0.892 Executing VM operation: HandshakeAllThreads done
Event: 0.917 Executing VM operation: HandshakeAllThreads
Event: 0.917 Executing VM operation: HandshakeAllThreads done
Event: 1.530 Executing VM operation: ICBufferFull
Event: 1.530 Executing VM operation: ICBufferFull done
Event: 1.591 Executing VM operation: ParallelGCFailedAllocation
Event: 1.604 Executing VM operation: ParallelGCFailedAllocation done
Event: 2.443 Executing VM operation: HandshakeAllThreads
Event: 2.443 Executing VM operation: HandshakeAllThreads done
Event: 2.444 Executing VM operation: HandshakeAllThreads
Event: 2.444 Executing VM operation: HandshakeAllThreads done
Event: 2.463 Executing VM operation: HandshakeAllThreads
Event: 2.463 Executing VM operation: HandshakeAllThreads done
Event: 2.514 Executing VM operation: HandshakeAllThreads
Event: 2.514 Executing VM operation: HandshakeAllThreads done

Events (20 events):
Event: 2.405 loading class java/util/concurrent/ThreadPoolExecutor$Worker done
Event: 2.405 loading class java/lang/Thread$State
Event: 2.406 loading class java/lang/Thread$State done
Event: 2.406 Thread 0x00000286b92967e0 Thread added: 0x00000286b92967e0
Event: 2.410 loading class java/util/concurrent/TimeUnit$1
Event: 2.410 loading class java/util/concurrent/TimeUnit$1 done
Event: 2.411 loading class java/lang/ApplicationShutdownHooks
Event: 2.411 loading class java/lang/ApplicationShutdownHooks done
Event: 2.411 loading class java/lang/ApplicationShutdownHooks$1
Event: 2.412 loading class java/lang/ApplicationShutdownHooks$1 done
Event: 2.412 loading class java/util/concurrent/locks/AbstractQueuedSynchronizer$ConditionNode
Event: 2.416 loading class java/util/concurrent/locks/AbstractQueuedSynchronizer$Node
Event: 2.417 loading class java/util/concurrent/locks/AbstractQueuedSynchronizer$Node done
Event: 2.417 loading class java/util/concurrent/locks/AbstractQueuedSynchronizer$ConditionNode done
Event: 2.462 loading class java/util/ArrayList$ListItr
Event: 2.462 loading class java/util/ArrayList$ListItr done
Event: 2.512 loading class java/util/LinkedList
Event: 2.513 loading class java/util/AbstractSequentialList
Event: 2.513 loading class java/util/AbstractSequentialList done
Event: 2.513 loading class java/util/LinkedList done


Dynamic libraries:
0x00007ff7f81e0000 - 0x00007ff7f81ee000 	c:\Users\TCCom\.vscode\extensions\redhat.java-1.29.0-win32-x64\jre\17.0.10-win32-x86_64\bin\java.exe
0x00007ffb91570000 - 0x00007ffb91786000 	C:\WINDOWS\SYSTEM32\ntdll.dll
0x00007ffb90c10000 - 0x00007ffb90cd4000 	C:\WINDOWS\System32\KERNEL32.DLL
0x00007ffb8ed00000 - 0x00007ffb8f0a6000 	C:\WINDOWS\System32\KERNELBASE.dll
0x00007ffb8bc60000 - 0x00007ffb8bcf7000 	C:\WINDOWS\SYSTEM32\apphelp.dll
0x00007ffb8e8b0000 - 0x00007ffb8e9c1000 	C:\WINDOWS\System32\ucrtbase.dll
0x00007ffb5aa40000 - 0x00007ffb5aa5b000 	c:\Users\TCCom\.vscode\extensions\redhat.java-1.29.0-win32-x64\jre\17.0.10-win32-x86_64\bin\VCRUNTIME140.dll
0x00007ffb5f180000 - 0x00007ffb5f197000 	c:\Users\TCCom\.vscode\extensions\redhat.java-1.29.0-win32-x64\jre\17.0.10-win32-x86_64\bin\jli.dll
0x00007ffb8f440000 - 0x00007ffb8f5ed000 	C:\WINDOWS\System32\USER32.dll
0x00007ffb78390000 - 0x00007ffb78623000 	C:\WINDOWS\WinSxS\amd64_microsoft.windows.common-controls_6595b64144ccf1df_6.0.22621.3235_none_270f74e173860f98\COMCTL32.dll
0x00007ffb8f0b0000 - 0x00007ffb8f0d6000 	C:\WINDOWS\System32\win32u.dll
0x00007ffb91450000 - 0x00007ffb914f7000 	C:\WINDOWS\System32\msvcrt.dll
0x00007ffb907a0000 - 0x00007ffb907c9000 	C:\WINDOWS\System32\GDI32.dll
0x00007ffb8f1a0000 - 0x00007ffb8f2b8000 	C:\WINDOWS\System32\gdi32full.dll
0x00007ffb8ebb0000 - 0x00007ffb8ec4a000 	C:\WINDOWS\System32\msvcp_win.dll
0x00007ffb902e0000 - 0x00007ffb90311000 	C:\WINDOWS\System32\IMM32.DLL
0x00007ffb81030000 - 0x00007ffb8103c000 	c:\Users\TCCom\.vscode\extensions\redhat.java-1.29.0-win32-x64\jre\17.0.10-win32-x86_64\bin\vcruntime140_1.dll
0x00007ffb520a0000 - 0x00007ffb5212d000 	c:\Users\TCCom\.vscode\extensions\redhat.java-1.29.0-win32-x64\jre\17.0.10-win32-x86_64\bin\msvcp140.dll
0x00007ffb06280000 - 0x00007ffb06ee2000 	c:\Users\TCCom\.vscode\extensions\redhat.java-1.29.0-win32-x64\jre\17.0.10-win32-x86_64\bin\server\jvm.dll
0x00007ffb90ce0000 - 0x00007ffb90d92000 	C:\WINDOWS\System32\ADVAPI32.dll
0x00007ffb8f870000 - 0x00007ffb8f918000 	C:\WINDOWS\System32\sechost.dll
0x00007ffb8ecd0000 - 0x00007ffb8ecf8000 	C:\WINDOWS\System32\bcrypt.dll
0x00007ffb8f750000 - 0x00007ffb8f865000 	C:\WINDOWS\System32\RPCRT4.dll
0x00007ffb7c700000 - 0x00007ffb7c709000 	C:\WINDOWS\SYSTEM32\WSOCK32.dll
0x00007ffb881d0000 - 0x00007ffb88204000 	C:\WINDOWS\SYSTEM32\WINMM.dll
0x00007ffb8e780000 - 0x00007ffb8e7cd000 	C:\WINDOWS\SYSTEM32\POWRPROF.dll
0x00007ffb85220000 - 0x00007ffb8522a000 	C:\WINDOWS\SYSTEM32\VERSION.dll
0x00007ffb90da0000 - 0x00007ffb90e11000 	C:\WINDOWS\System32\WS2_32.dll
0x00007ffb8e760000 - 0x00007ffb8e773000 	C:\WINDOWS\SYSTEM32\UMPDC.dll
0x00007ffb8d8f0000 - 0x00007ffb8d908000 	C:\WINDOWS\SYSTEM32\kernel.appcore.dll
0x00007ffb79260000 - 0x00007ffb7926a000 	c:\Users\TCCom\.vscode\extensions\redhat.java-1.29.0-win32-x64\jre\17.0.10-win32-x86_64\bin\jimage.dll
0x00007ffb86350000 - 0x00007ffb86583000 	C:\WINDOWS\SYSTEM32\DBGHELP.DLL
0x00007ffb90e40000 - 0x00007ffb911c8000 	C:\WINDOWS\System32\combase.dll
0x00007ffb90a20000 - 0x00007ffb90af7000 	C:\WINDOWS\System32\OLEAUT32.dll
0x00007ffb7ec20000 - 0x00007ffb7ec52000 	C:\WINDOWS\SYSTEM32\dbgcore.DLL
0x00007ffb8ec50000 - 0x00007ffb8ecca000 	C:\WINDOWS\System32\bcryptPrimitives.dll
0x00007ffb774b0000 - 0x00007ffb774be000 	c:\Users\TCCom\.vscode\extensions\redhat.java-1.29.0-win32-x64\jre\17.0.10-win32-x86_64\bin\instrument.dll
0x00007ffb52070000 - 0x00007ffb52095000 	c:\Users\TCCom\.vscode\extensions\redhat.java-1.29.0-win32-x64\jre\17.0.10-win32-x86_64\bin\java.dll
0x00007ffb52050000 - 0x00007ffb52068000 	c:\Users\TCCom\.vscode\extensions\redhat.java-1.29.0-win32-x64\jre\17.0.10-win32-x86_64\bin\zip.dll
0x00007ffb8fa20000 - 0x00007ffb9027d000 	C:\WINDOWS\System32\SHELL32.dll
0x00007ffb8c810000 - 0x00007ffb8d108000 	C:\WINDOWS\SYSTEM32\windows.storage.dll
0x00007ffb8c6d0000 - 0x00007ffb8c80e000 	C:\WINDOWS\SYSTEM32\wintypes.dll
0x00007ffb8f920000 - 0x00007ffb8fa13000 	C:\WINDOWS\System32\SHCORE.dll
0x00007ffb90b00000 - 0x00007ffb90b5e000 	C:\WINDOWS\System32\shlwapi.dll
0x00007ffb8e7e0000 - 0x00007ffb8e806000 	C:\WINDOWS\SYSTEM32\profapi.dll
0x00007ffb5f420000 - 0x00007ffb5f439000 	C:\Users\TCCom\.vscode\extensions\redhat.java-1.29.0-win32-x64\jre\17.0.10-win32-x86_64\bin\net.dll
0x00007ffb88670000 - 0x00007ffb887a7000 	C:\WINDOWS\SYSTEM32\WINHTTP.dll
0x00007ffb8dd70000 - 0x00007ffb8ddd9000 	C:\WINDOWS\system32\mswsock.dll
0x00007ffb5f400000 - 0x00007ffb5f416000 	C:\Users\TCCom\.vscode\extensions\redhat.java-1.29.0-win32-x64\jre\17.0.10-win32-x86_64\bin\nio.dll
0x00007ffb772d0000 - 0x00007ffb772e0000 	c:\Users\TCCom\.vscode\extensions\redhat.java-1.29.0-win32-x64\jre\17.0.10-win32-x86_64\bin\verify.dll

dbghelp: loaded successfully - version: 4.0.5 - missing functions: none
symbol engine: initialized successfully - sym options: 0x614 - pdb path: .;c:\Users\TCCom\.vscode\extensions\redhat.java-1.29.0-win32-x64\jre\17.0.10-win32-x86_64\bin;C:\WINDOWS\SYSTEM32;C:\WINDOWS\WinSxS\amd64_microsoft.windows.common-controls_6595b64144ccf1df_6.0.22621.3235_none_270f74e173860f98;c:\Users\TCCom\.vscode\extensions\redhat.java-1.29.0-win32-x64\jre\17.0.10-win32-x86_64\bin\server

VM Arguments:
jvm_args: --add-modules=ALL-SYSTEM --add-opens=java.base/java.util=ALL-UNNAMED --add-opens=java.base/java.lang=ALL-UNNAMED --add-opens=java.base/sun.nio.fs=ALL-UNNAMED -Declipse.application=org.eclipse.jdt.ls.core.id1 -Dosgi.bundles.defaultStartLevel=4 -Declipse.product=org.eclipse.jdt.ls.core.product -Djava.import.generatesMetadataFilesAtProjectRoot=false -DDetectVMInstallationsJob.disabled=true -Dfile.encoding=utf8 -XX:+UseParallelGC -XX:GCTimeRatio=4 -XX:AdaptiveSizePolicyWeight=90 -Dsun.zip.disableMemoryMapping=true -Xmx1G -Xms100m -Xlog:disable -javaagent:c:\Users\TCCom\.vscode\extensions\redhat.java-1.29.0-win32-x64\lombok\lombok-1.18.32.jar -XX:+HeapDumpOnOutOfMemoryError -XX:HeapDumpPath=c:\Users\TCCom\AppData\Roaming\Code\User\workspaceStorage\1a81187d08ad7f0aeec72b3a50f0f7b1\redhat.java -Daether.dependencyCollector.impl=bf 
java_command: c:\Users\TCCom\.vscode\extensions\redhat.java-1.29.0-win32-x64\server\plugins\org.eclipse.equinox.launcher_1.6.800.v20240304-1850.jar -configuration c:\Users\TCCom\AppData\Roaming\Code\User\globalStorage\redhat.java\1.29.0\config_win -data c:\Users\TCCom\AppData\Roaming\Code\User\workspaceStorage\1a81187d08ad7f0aeec72b3a50f0f7b1\redhat.java\jdt_ws --stdio
java_class_path (initial): c:\Users\TCCom\.vscode\extensions\redhat.java-1.29.0-win32-x64\server\plugins\org.eclipse.equinox.launcher_1.6.800.v20240304-1850.jar
Launcher Type: SUN_STANDARD

[Global flags]
    uintx AdaptiveSizePolicyWeight                 = 90                                        {product} {command line}
     intx CICompilerCount                          = 4                                         {product} {ergonomic}
    uintx GCTimeRatio                              = 4                                         {product} {command line}
     bool HeapDumpOnOutOfMemoryError               = true                                   {manageable} {command line}
    ccstr HeapDumpPath                             = c:\Users\TCCom\AppData\Roaming\Code\User\workspaceStorage\1a81187d08ad7f0aeec72b3a50f0f7b1\redhat.java         {manageable} {command line}
   size_t InitialHeapSize                          = 104857600                                 {product} {command line}
   size_t MaxHeapSize                              = 1073741824                                {product} {command line}
   size_t MaxNewSize                               = 357564416                                 {product} {ergonomic}
   size_t MinHeapDeltaBytes                        = 524288                                    {product} {ergonomic}
   size_t MinHeapSize                              = 104857600                                 {product} {command line}
   size_t NewSize                                  = 34603008                                  {product} {ergonomic}
    uintx NonNMethodCodeHeapSize                   = 5839372                                {pd product} {ergonomic}
    uintx NonProfiledCodeHeapSize                  = 122909434                              {pd product} {ergonomic}
   size_t OldSize                                  = 70254592                                  {product} {ergonomic}
    uintx ProfiledCodeHeapSize                     = 122909434                              {pd product} {ergonomic}
    uintx ReservedCodeCacheSize                    = 251658240                              {pd product} {ergonomic}
     bool SegmentedCodeCache                       = true                                      {product} {ergonomic}
   size_t SoftMaxHeapSize                          = 1073741824                             {manageable} {ergonomic}
     bool UseCompressedClassPointers               = true                           {product lp64_product} {ergonomic}
     bool UseCompressedOops                        = true                           {product lp64_product} {ergonomic}
     bool UseLargePagesIndividualAllocation        = false                                  {pd product} {ergonomic}
     bool UseParallelGC                            = true                                      {product} {command line}

Logging:
Log output configuration:
 #0: stdout all=off uptime,level,tags
 #1: stderr all=off uptime,level,tags

Environment Variables:
JAVA_HOME=C:\Program Files\Java\jdk-22
PATH=C:\Program Files\Common Files\Oracle\Java\javapath;C:\Program Files (x86)\VMware\VMware Player\bin\;C:\Windows\system32;C:\Windows;C:\Windows\System32\Wbem;C:\Windows\System32\WindowsPowerShell\v1.0\;C:\Windows\System32\OpenSSH\;C:\TDM-GCC-64\bin;C:\WINDOWS\system32;C:\WINDOWS;C:\WINDOWS\System32\Wbem;C:\WINDOWS\System32\WindowsPowerShell\v1.0\;C:\WINDOWS\System32\OpenSSH\;C:\Program Files\Microsoft SQL Server\150\Tools\Binn\;C:\Program Files\dotnet\;C:\Program Files (x86)\Microsoft SQL Server\160\Tools\Binn\;C:\Program Files\Microsoft SQL Server\160\Tools\Binn\;C:\Program Files\Microsoft SQL Server\Client SDK\ODBC\170\Tools\Binn\;C:\Program Files\Microsoft SQL Server\160\DTS\Binn\;C:\Program Files\Azure Data Studio\bin;C:\Program Files\nvm;C:\Program Files\nodejs;C:\Program Files\Git\cmd;C:\apache-maven-3.9.6\bin;C:\Program Files\MySQL\MySQL Shell 8.0\bin\;C:\Users\TCCom\AppData\Local\Microsoft\WindowsApps;C:\Users\TCCom\AppData\Local\Programs\Microsoft VS Code\bin;C:\Program Files\Azure Data Studio\bin;C:\Users\TCCom\AppData\Roaming\npm;C:\Program Files\nvm;C:\Program Files\nodejs
USERNAME=TCCom
OS=Windows_NT
PROCESSOR_IDENTIFIER=AMD64 Family 23 Model 24 Stepping 1, AuthenticAMD
TMP=C:\Users\TCCom\AppData\Local\Temp
TEMP=C:\Users\TCCom\AppData\Local\Temp



Periodic native trim disabled


---------------  S Y S T E M  ---------------

OS:
 Windows 11 , 64 bit Build 22621 (10.0.22621.3235)
OS uptime: 3 days 21:21 hours

CPU: total 8 (initial active 8) (8 cores per cpu, 2 threads per core) family 23 model 24 stepping 1 microcode 0x0, cx8, cmov, fxsr, ht, mmx, 3dnowpref, sse, sse2, sse3, ssse3, sse4a, sse4.1, sse4.2, popcnt, lzcnt, tsc, tscinvbit, avx, avx2, aes, clmul, bmi1, bmi2, adx, sha, fma, vzeroupper, clflush, clflushopt
Processor Information for all 8 processors :
  Max Mhz: 2100, Current Mhz: 2100, Mhz Limit: 2100

Memory: 4k page, system-wide physical 3470M (167M free)
TotalPageFile size 14222M (AvailPageFile size 2M)
current process WorkingSet (physical memory assigned to process): 80M, peak: 81M
current process commit charge ("private bytes"): 200M, peak: 202M

vm_info: OpenJDK 64-Bit Server VM (17.0.10+7) for windows-amd64 JRE (17.0.10+7), built on Jan 16 2024 23:25:11 by "admin" with MS VC++ 16.10 / 16.11 (VS2019)

END.
